<?xml version="1.0" encoding="UTF-8"?>
<testng-results ignored="0" total="1" passed="1" failed="0" skipped="0">
  <reporter-output>
  </reporter-output>
  <suite started-at="2020-08-27T22:15:36 EDT" name="Default suite" finished-at="2020-08-27T22:15:38 EDT" duration-ms="1802">
    <groups>
    </groups>
    <test started-at="2020-08-27T22:15:36 EDT" name="Default test" finished-at="2020-08-27T22:15:38 EDT" duration-ms="1802">
      <class name="com.project.automation.putUser">
        <test-method signature="update1()[pri:0, instance:com.project.automation.putUser@16aa0a0a]" started-at="2020-08-27T22:15:36 EDT" name="update1" finished-at="2020-08-27T22:15:38 EDT" duration-ms="1772" status="PASS">
          <reporter-output>
          </reporter-output>
        </test-method> <!-- update1 -->
      </class> <!-- com.project.automation.putUser -->
    </test> <!-- Default test -->
  </suite> <!-- Default suite -->
</testng-results>
